#
# There is insufficient memory for the Java Runtime Environment to continue.
# Native memory allocation (malloc) failed to allocate 1048576 bytes for AllocateHeap
# Possible reasons:
#   The system is out of physical RAM or swap space
#   The process is running with CompressedOops enabled, and the Java Heap may be blocking the growth of the native heap
# Possible solutions:
#   Reduce memory load on the system
#   Increase physical memory or swap space
#   Check if swap backing store is full
#   Decrease Java heap size (-Xmx/-Xms)
#   Decrease number of Java threads
#   Decrease Java thread stack sizes (-Xss)
#   Set larger code cache with -XX:ReservedCodeCacheSize=
#   JVM is running with Unscaled Compressed Oops mode in which the Java heap is
#     placed in the first 4GB address space. The Java Heap base address is the
#     maximum limit for the native heap growth. Please use -XX:HeapBaseMinAddress
#     to set the Java Heap base and to place the Java Heap above 4GB virtual address.
# This output file may be truncated or incomplete.
#
#  Out of Memory Error (memory/allocation.inline.hpp:61), pid=6044, tid=0x0000000000000aec
#
# JRE version:  (8.0_221-b11) (build )
# Java VM: Java HotSpot(TM) 64-Bit Server VM (25.221-b11 mixed mode windows-amd64 compressed oops)
# Failed to write core dump. Minidumps are not enabled by default on client versions of Windows
#

---------------  T H R E A D  ---------------

Current thread (0x0000000002bd4000):  JavaThread "Unknown thread" [_thread_in_vm, id=2796, stack(0x0000000002ab0000,0x0000000002bb0000)]

Stack: [0x0000000002ab0000,0x0000000002bb0000]
[error occurred during error reporting (printing stack bounds), id 0xc0000005]

Native frames: (J=compiled Java code, j=interpreted, Vv=VM code, C=native code)


---------------  P R O C E S S  ---------------

Java Threads: ( => current thread )

Other Threads:

=>0x0000000002bd4000 (exited) JavaThread "Unknown thread" [_thread_in_vm, id=2796, stack(0x0000000002ab0000,0x0000000002bb0000)]

VM state:not at safepoint (normal execution)

VM Mutex/Monitor currently owned by a thread: None

heap address: 0x00000000a1400000, size: 1516 MB, Compressed Oops mode: 32-bit
Narrow klass base: 0x0000000000000000, Narrow klass shift: 3
Compressed class space size: 1073741824 Address: 0x0000000100000000

Heap:
 PSYoungGen      total 28672K, used 491K [0x00000000e0700000, 0x00000000e2700000, 0x0000000100000000)
  eden space 24576K, 2% used [0x00000000e0700000,0x00000000e077ae20,0x00000000e1f00000)
  from space 4096K, 0% used [0x00000000e2300000,0x00000000e2300000,0x00000000e2700000)
  to   space 4096K, 0% used [0x00000000e1f00000,0x00000000e1f00000,0x00000000e2300000)
 ParOldGen       total 65536K, used 0K [0x00000000a1400000, 0x00000000a5400000, 0x00000000e0700000)
  object space 65536K, 0% used [0x00000000a1400000,0x00000000a1400000,0x00000000a5400000)
 Metaspace       used 776K, capacity 4480K, committed 4480K, reserved 1056768K
  class space    used 76K, capacity 384K, committed 384K, reserved 1048576K

Card table byte_map: [0x00000000120e0000,0x00000000123e0000] byte_map_base: 0x0000000011bd6000

Marking Bits: (ParMarkBitMap*) 0x00000000758c5ce0
 Begin Bits: [0x00000000129e0000, 0x0000000014190000)
 End Bits:   [0x0000000014190000, 0x0000000015940000)

Polling page: 0x00000000009f0000

CodeCache: size=245760Kb used=328Kb max_used=328Kb free=245431Kb
 bounds [0x0000000002d20000, 0x0000000002f90000, 0x0000000011d20000]
 total_blobs=58 nmethods=0 adapters=38
 compilation: enabled

Compilation events (0 events):
No events

GC Heap History (0 events):
No events

Deoptimization events (0 events):
No events

Classes redefined (0 events):
No events

Internal exceptions (0 events):
No events

Events (10 events):
Event: 0.103 loading class java/lang/Short
Event: 0.103 loading class java/lang/Short done
Event: 0.104 loading class java/lang/Integer
Event: 0.104 loading class java/lang/Integer done
Event: 0.104 loading class java/lang/Long
Event: 0.104 loading class java/lang/Long done
Event: 0.105 loading class java/lang/NullPointerException
Event: 0.106 loading class java/lang/NullPointerException done
Event: 0.106 loading class java/lang/ArithmeticException
Event: 0.106 loading class java/lang/ArithmeticException done


Dynamic libraries:
0x00007ff79bf60000 - 0x00007ff79bf97000 	C:\Users\sujatha\Desktop\Details\softwaresaut\jdk1.8.0_221\bin\javaw.exe
0x00007ffd403e0000 - 0x00007ffd405d0000 	C:\WINDOWS\SYSTEM32\ntdll.dll
0x00007ffd3f700000 - 0x00007ffd3f7b2000 	C:\WINDOWS\System32\KERNEL32.DLL
0x00007ffd3d470000 - 0x00007ffd3d714000 	C:\WINDOWS\System32\KERNELBASE.dll
0x00007ffd3e9d0000 - 0x00007ffd3ea73000 	C:\WINDOWS\System32\ADVAPI32.dll
0x00007ffd3fd50000 - 0x00007ffd3fdee000 	C:\WINDOWS\System32\msvcrt.dll
0x00007ffd3fcb0000 - 0x00007ffd3fd47000 	C:\WINDOWS\System32\sechost.dll
0x00007ffd3f5e0000 - 0x00007ffd3f700000 	C:\WINDOWS\System32\RPCRT4.dll
0x00007ffd3e780000 - 0x00007ffd3e914000 	C:\WINDOWS\System32\USER32.dll
0x00007ffd3d440000 - 0x00007ffd3d461000 	C:\WINDOWS\System32\win32u.dll
0x00007ffd40010000 - 0x00007ffd40036000 	C:\WINDOWS\System32\GDI32.dll
0x00007ffd3d750000 - 0x00007ffd3d8e4000 	C:\WINDOWS\System32\gdi32full.dll
0x00007ffd3daf0000 - 0x00007ffd3db8e000 	C:\WINDOWS\System32\msvcp_win.dll
0x00007ffd3e390000 - 0x00007ffd3e48a000 	C:\WINDOWS\System32\ucrtbase.dll
0x00007ffd2ca30000 - 0x00007ffd2ccb4000 	C:\WINDOWS\WinSxS\amd64_microsoft.windows.common-controls_6595b64144ccf1df_6.0.18362.836_none_e6c4b943130f18ed\COMCTL32.dll
0x00007ffd3f2a0000 - 0x00007ffd3f5d6000 	C:\WINDOWS\System32\combase.dll
0x00007ffd3db90000 - 0x00007ffd3dc10000 	C:\WINDOWS\System32\bcryptPrimitives.dll
0x00007ffd3e750000 - 0x00007ffd3e77e000 	C:\WINDOWS\System32\IMM32.DLL
0x0000000075950000 - 0x0000000075a22000 	C:\Users\sujatha\Desktop\Details\softwaresaut\jdk1.8.0_221\jre\bin\msvcr100.dll
0x00000000750a0000 - 0x0000000075945000 	C:\Users\sujatha\Desktop\Details\softwaresaut\jdk1.8.0_221\jre\bin\server\jvm.dll
0x00007ffd3eaf0000 - 0x00007ffd3eaf8000 	C:\WINDOWS\System32\PSAPI.DLL
0x00007ffd3ad50000 - 0x00007ffd3ad59000 	C:\WINDOWS\SYSTEM32\WSOCK32.dll
0x00007ffd40330000 - 0x00007ffd4039f000 	C:\WINDOWS\System32\WS2_32.dll
0x00007ffd3aa50000 - 0x00007ffd3aa74000 	C:\WINDOWS\SYSTEM32\WINMM.dll
0x00007ffd2f630000 - 0x00007ffd2f63a000 	C:\WINDOWS\SYSTEM32\VERSION.dll
0x00007ffd3a5c0000 - 0x00007ffd3a5ed000 	C:\WINDOWS\SYSTEM32\WINMMBASE.dll
0x00007ffd3daa0000 - 0x00007ffd3daea000 	C:\WINDOWS\System32\cfgmgr32.dll
0x00007ffd39af0000 - 0x00007ffd39aff000 	C:\Users\sujatha\Desktop\Details\softwaresaut\jdk1.8.0_221\jre\bin\verify.dll
0x00007ffd305e0000 - 0x00007ffd30609000 	C:\Users\sujatha\Desktop\Details\softwaresaut\jdk1.8.0_221\jre\bin\java.dll
0x00007ffd301a0000 - 0x00007ffd301b6000 	C:\Users\sujatha\Desktop\Details\softwaresaut\jdk1.8.0_221\jre\bin\zip.dll

VM Arguments:
jvm_args: -ea -Dfile.encoding=Cp1252 
java_command: org.testng.remote.RemoteTestNG -serport 55964 -d C:\Users\sujatha\git\Gstsaralprotesting\Gstsaralprotesting\test-output C:\Users\sujatha\git\Gstsaralprotesting\Gstsaralprotesting\TestNG.xml
java_class_path (initial): C:\Users\sujatha\Desktop\Details\softwaresaut\eclipse-jee-neon-3-win32-x86_64\eclipse\plugins\org.testng.eclipse_6.9.5.201505251947\lib\testng.jar;C:\Users\sujatha\Desktop\Details\softwaresaut\eclipse-jee-neon-3-win32-x86_64\eclipse\plugins\org.testng.eclipse_6.9.5.201505251947\lib\jcommander.jar;C:\Users\sujatha\Desktop\Details\softwaresaut\eclipse-jee-neon-3-win32-x86_64\eclipse\plugins\org.testng.eclipse_6.9.5.201505251947\lib\bsh-2.0b4.jar;C:\Users\sujatha\Desktop\Details\softwaresaut\eclipse-jee-neon-3-win32-x86_64\eclipse\plugins\org.testng.eclipse_6.9.5.201505251947\lib\snakeyaml.jar;C:\Users\sujatha\git\Gstsaralprotesting\Gstsaralprotesting\target\test-classes;C:\Users\sujatha\git\Gstsaralprotesting\Gstsaralprotesting\target\classes;C:\Users\sujatha\.m2\repository\junit\junit\4.13.1\junit-4.13.1.jar;C:\Users\sujatha\.m2\repository\org\hamcrest\hamcrest-core\1.3\hamcrest-core-1.3.jar;C:\Users\sujatha\.m2\repository\org\seleniumhq\selenium\selenium-java\3.141.59\selenium-java-3.141.59.jar;C:\Users\sujatha\.m2\repository\org\seleniumhq\selenium\selenium-api\3.141.59\selenium-api-3.141.59.jar;C:\Users\sujatha\.m2\repository\org\seleniumhq\selenium\selenium-chrome-driver\3.141.59\selenium-chrome-driver-3.141.59.jar;C:\Users\sujatha\.m2\repository\org\seleniumhq\selenium\selenium-edge-driver\3.141.59\selenium-edge-driver-3.141.59.jar;C:\Users\sujatha\.m2\repository\org\seleniumhq\selenium\selenium-firefox-driver\3.141.59\selenium-firefox-driver-3.141.59.jar;C:\Users\sujatha\.m2\repository\org\seleniumhq\selenium\selenium-ie-driver\3.141.59\selenium-ie-driver-3.141.59.jar;C:\Users\sujatha\.m2\repository\org\seleniumhq\selenium\selenium-opera-driver\3.141.59\selenium-opera-driver-3.141.59.jar;C:\Users\sujatha\.m2\repository\org\seleniumhq\selenium\selenium-remote-driver\3.141.59\selenium-remote-driver-3.141.59.jar;C:\Users\sujatha\.m2\repository\org\seleniumhq\selenium\selenium-safari-driver\3.141.59\selenium-safari-driver-3.141.59.jar;C
Launcher Type: SUN_STANDARD

Environment Variables:
PATH=C:/Users/sujatha/Desktop/Details/softwaresaut/jdk1.8.0_221/bin/../jre/bin/server;C:/Users/sujatha/Desktop/Details/softwaresaut/jdk1.8.0_221/bin/../jre/bin;C:/Users/sujatha/Desktop/Details/softwaresaut/jdk1.8.0_221/bin/../jre/lib/amd64;C:\WINDOWS\system32;C:\WINDOWS;C:\WINDOWS\System32\Wbem;C:\WINDOWS\System32\WindowsPowerShell\v1.0\;C:\WINDOWS\System32\OpenSSH\;C:\Program Files\Git\cmd;C:\Program Files\nodejs\;C:\Users\sujatha\Desktop\Details\softwaresaut\jdk1.8.0_221\bin;C:\selenium tools\apache-maven-3.8.5\bin\;C:\selenium tools\apache-maven-3.8.5\;C:\selenium tools\apache-maven-3.8.5\\bin;C:\Users\sujatha\AppData\Local\Microsoft\WindowsApps;C:\Users\sujatha\AppData\Roaming\npm;C:\Users\sujatha\Desktop\Details\softwaresaut\eclipse-jee-neon-3-win32-x86_64\eclipse;
USERNAME=sujatha
OS=Windows_NT
PROCESSOR_IDENTIFIER=Intel64 Family 6 Model 42 Stepping 7, GenuineIntel



---------------  S Y S T E M  ---------------

OS: Windows 10.0 , 64 bit Build 18362 (10.0.18362.778)

CPU:total 4 (initial active 4) (2 cores per cpu, 2 threads per core) family 6 model 42 stepping 7, cmov, cx8, fxsr, mmx, sse, sse2, sse3, ssse3, sse4.1, sse4.2, popcnt, avx, clmul, ht, tsc, tscinvbit

Memory: 4k page, physical 6205600k(792768k free), swap 7373984k(4152k free)

vm_info: Java HotSpot(TM) 64-Bit Server VM (25.221-b11) for windows-amd64 JRE (1.8.0_221-b11), built on Jul  4 2019 04:39:29 by "java_re" with MS VC++ 10.0 (VS2010)

time: Wed Jun 01 11:23:37 2022
timezone: India Standard Time
elapsed time: 0 seconds (0d 0h 0m 0s)

